Script started on 2025-10-04 19:43:19+03:00 [COMMAND="./bin/connect4" TERM="xterm-256color" TTY="/dev/pts/0" COLUMNS="80" LINES="24"]
. . . . . . . 
. . . . . . . 
. . . . . . . 
. . . . . . . 
. . . . . . . 
. . . . . . . 
1 2 3 4 5 6 7 
Player A, choose a column (1-7): 1
. . . . . . . 
. . . . . . . 
. . . . . . . 
. . . . . . . 
. . . . . . . 
A . . . . . . 
1 2 3 4 5 6 7 
Player B, choose a column (1-7): 2
. . . . . . . 
. . . . . . . 
. . . . . . . 
. . . . . . . 
. . . . . . . 
A B . . . . . 
1 2 3 4 5 6 7 
Player A, choose a column (1-7): 1
. . . . . . . 
. . . . . . . 
. . . . . . . 
. . . . . . . 
A . . . . . . 
A B . . . . . 
1 2 3 4 5 6 7 
Player B, choose a column (1-7): 2
. . . . . . . 
. . . . . . . 
. . . . . . . 
. . . . . . . 
A B . . . . . 
A B . . . . . 
1 2 3 4 5 6 7 
Player A, choose a column (1-7): 1
. . . . . . . 
. . . . . . . 
. . . . . . . 
A . . . . . . 
A B . . . . . 
A B . . . . . 
1 2 3 4 5 6 7 
Player B, choose a column (1-7): 2
. . . . . . . 
. . . . . . . 
. . . . . . . 
A B . . . . . 
A B . . . . . 
A B . . . . . 
1 2 3 4 5 6 7 
Player A, choose a column (1-7): 1
. . . . . . . 
. . . . . . . 
A . . . . . . 
A B . . . . . 
A B . . . . . 
A B . . . . . 
1 2 3 4 5 6 7 
Player A wins.

Script done on 2025-10-04 19:43:23+03:00 [COMMAND_EXIT_CODE="0"]
